{
  "stats": {
    "suites": 1,
    "tests": 1,
    "passes": 1,
    "pending": 0,
    "failures": 0,
    "start": "2020-08-10T02:00:49.574Z",
    "end": "2020-08-10T02:01:11.526Z",
    "duration": 21952,
    "testsRegistered": 1,
    "passPercent": 100,
    "pendingPercent": 0,
    "other": 0,
    "hasOther": false,
    "skipped": 0,
    "hasSkipped": false
  },
  "results": [
    {
      "uuid": "763b7066-675c-4064-b202-c6c75ea29926",
      "title": "",
      "fullFile": "cypress\\integration\\cadastro.spec.js",
      "file": "cypress\\integration\\cadastro.spec.js",
      "beforeHooks": [],
      "afterHooks": [],
      "tests": [],
      "suites": [
        {
          "uuid": "36eb69b8-14c5-4848-a390-72ba81d15b0b",
          "title": "Cadastro",
          "fullFile": "",
          "file": "",
          "beforeHooks": [],
          "afterHooks": [],
          "tests": [
            {
              "title": "Cadastro de usuário no site",
              "fullTitle": "Cadastro Cadastro de usuário no site",
              "timedOut": null,
              "duration": 21783,
              "state": "passed",
              "speed": "slow",
              "pass": true,
              "fail": false,
              "pending": false,
              "context": null,
              "code": "//rotas\n//GET 200 /api/1/databases/userdetails/collections/newtable?apiKey=YEX0M2QMPd7JWJw_ipMB3a5gDddt4B_X\n//POST 200 /api/1/databases/userdetails/collections/newtable?apiKey=YEX0M2QMPd7JWJw_ipMB3a5gDddt4B_X\n//POST 200 /api/1/databases/userdetails/collections/usertable?apiKey=YEX0M2QMPd7JWJw_ipMB3a5gDddt4B_X\ncy.server();\ncy.route('GET', '**/api/1/databases/userdetails/collections/newtable?**').as('getNewtable');\ncy.route('POST', '**/api/1/databases/userdetails/collections/newtable?**').as('posttNewtable');\ncy.route('POST', '**/api/1/databases/userdetails/collections/usertable?**').as('posttUsertable'); //baserUrl+Register.html\ncy.visit('Register.html'); //Type para digitar textos em campos\ncy.get('input[placeholder=\"First Name\"]').type(chance.first());\ncy.get('input[ng-model^=Last]').type(chance.last());\ncy.get('input[ng-model^=\"Email\"]').type(chance.email());\ncy.get('input[ng-model^=\"Phone\"]').type(chance.phone({\n  formatted: false\n})); //Check para adios e checkbox\ncy.get('input[value=\"Male\"]').check();\ncy.get('input[type=\"checkbox\"]').check('Movies'); // select elementos tipo select e select2 ou seja combos\ncy.get('select#Skills').select('Adobe InDesign');\ncy.get('select#countries').select('Albania');\ncy.get('select#country').select('Australia', {\n  force: true\n}); // forçando acessar um elemento oculto\ncy.get('select#yearbox').select('1990');\ncy.get('select[ng-model^=\"month\"]').select('September');\ncy.get('select#daybox').select('4');\ncy.get('input#firstpassword').type('Vec3170032*');\ncy.get('input#secondpassword').type('Vec3170032*'); //attachFile para input de arquivos\ncy.get('input#imagesrc').attachFile('cypress.PNG'); //cy.pause();\n//Click    \ncy.get('button#submitbtn').click(); //interação com as rotas\ncy.wait('@posttUsertable').then(function (resNewtable) {\n  cy.log(resNewtable.status); //console.log(resNewtable.status)\n  //chai para asserções\n  expect(resNewtable.status).to.eq(200);\n});\ncy.wait('@getNewtable').then(function (resNewtable) {\n  expect(resNewtable.status).to.eq(200);\n});\ncy.url().should('contain', 'WebTable');",
              "err": {},
              "uuid": "0f90ce07-1076-41d8-a431-233eeae92f6d",
              "parentUUID": "36eb69b8-14c5-4848-a390-72ba81d15b0b",
              "isHook": false,
              "skipped": false
            }
          ],
          "suites": [],
          "passes": [
            "0f90ce07-1076-41d8-a431-233eeae92f6d"
          ],
          "failures": [],
          "pending": [],
          "skipped": [],
          "duration": 21783,
          "root": false,
          "rootEmpty": false,
          "_timeout": 2000
        }
      ],
      "passes": [],
      "failures": [],
      "pending": [],
      "skipped": [],
      "duration": 0,
      "root": true,
      "rootEmpty": true,
      "_timeout": 2000
    }
  ],
  "meta": {
    "mocha": {
      "version": "7.0.1"
    },
    "mochawesome": {
      "options": {
        "quiet": true,
        "reportFilename": "mochawesome",
        "saveHtml": false,
        "saveJson": true,
        "consoleReporter": "spec",
        "useInlineDiffs": false,
        "code": true
      },
      "version": "6.1.1"
    },
    "marge": {
      "options": {
        "id": "default",
        "reportDir": "mochawesome-report",
        "quiet": true,
        "overwrite": false,
        "html": false,
        "json": true
      },
      "version": "5.1.0"
    }
  }
}