{
  "stats": {
    "suites": 1,
    "tests": 2,
    "passes": 2,
    "pending": 0,
    "failures": 0,
    "start": "2020-08-10T02:01:18.923Z",
    "end": "2020-08-10T02:01:31.510Z",
    "duration": 12587,
    "testsRegistered": 2,
    "passPercent": 100,
    "pendingPercent": 0,
    "other": 0,
    "hasOther": false,
    "skipped": 0,
    "hasSkipped": false
  },
  "results": [
    {
      "uuid": "6abb8f7a-7da5-4758-a28d-4a8a3aed645a",
      "title": "",
      "fullFile": "cypress\\integration\\listagem.spec.js",
      "file": "cypress\\integration\\listagem.spec.js",
      "beforeHooks": [],
      "afterHooks": [],
      "tests": [],
      "suites": [
        {
          "uuid": "9acab9d3-40e0-4988-89b4-869851616a4f",
          "title": "Listagem",
          "fullFile": "",
          "file": "",
          "beforeHooks": [],
          "afterHooks": [],
          "tests": [
            {
              "title": "Listagem sem registro",
              "fullTitle": "Listagem Listagem sem registro",
              "timedOut": null,
              "duration": 10084,
              "state": "passed",
              "speed": "slow",
              "pass": true,
              "fail": false,
              "pending": false,
              "context": null,
              "code": "cy.server(); // 'GET', '**/api/1/databases/userdetails/collections/newtable?**').as('getNewtable'\ncy.route({\n  method: 'GET',\n  url: '**/api/1/databases/userdetails/collections/newtable?**',\n  status: 200,\n  response: []\n}).as('getNewTable');\ncy.visit('WebTable.html'); //espera o tamanho = 1\ncy.get('div[role=row]').should('have.length', 1);",
              "err": {},
              "uuid": "16679719-f4ed-4b01-88ec-63f244887cba",
              "parentUUID": "9acab9d3-40e0-4988-89b4-869851616a4f",
              "isHook": false,
              "skipped": false
            },
            {
              "title": "Listagem com registro",
              "fullTitle": "Listagem Listagem com registro",
              "timedOut": null,
              "duration": 2433,
              "state": "passed",
              "speed": "slow",
              "pass": true,
              "fail": false,
              "pending": false,
              "context": null,
              "code": "cy.server();\ncy.route({\n  method: 'GET',\n  url: '**/api/1/databases/userdetails/collections/newtable?**',\n  status: 200,\n  response: 'fixture:rota'\n}).as('getNewTable');\ncy.visit('WebTable.html');\ncy.get('div[role=row] div[role=gridcell]').eq(4).find('div').as('gridCell');\ncy.get('@gridCell').should('contain.text', '3363976681'); // 1 > .first()\n// 2\n//3\n//4 > .eq(3)\n//5 > .last()",
              "err": {},
              "uuid": "c3234d89-da39-4cbd-aad6-d6d6074b33d4",
              "parentUUID": "9acab9d3-40e0-4988-89b4-869851616a4f",
              "isHook": false,
              "skipped": false
            }
          ],
          "suites": [],
          "passes": [
            "16679719-f4ed-4b01-88ec-63f244887cba",
            "c3234d89-da39-4cbd-aad6-d6d6074b33d4"
          ],
          "failures": [],
          "pending": [],
          "skipped": [],
          "duration": 12517,
          "root": false,
          "rootEmpty": false,
          "_timeout": 2000
        }
      ],
      "passes": [],
      "failures": [],
      "pending": [],
      "skipped": [],
      "duration": 0,
      "root": true,
      "rootEmpty": true,
      "_timeout": 2000
    }
  ],
  "meta": {
    "mocha": {
      "version": "7.0.1"
    },
    "mochawesome": {
      "options": {
        "quiet": true,
        "reportFilename": "mochawesome",
        "saveHtml": false,
        "saveJson": true,
        "consoleReporter": "spec",
        "useInlineDiffs": false,
        "code": true
      },
      "version": "6.1.1"
    },
    "marge": {
      "options": {
        "id": "default",
        "reportDir": "mochawesome-report",
        "quiet": true,
        "overwrite": false,
        "html": false,
        "json": true
      },
      "version": "5.1.0"
    }
  }
}